  IK.cpp
c:\users\igor8\desktop\opengl-3dsnake\finalproject\scene.h(41): warning C4305: 'initializing': truncation from 'double' to 'float'
c:\users\igor8\desktop\opengl-3dsnake\finalproject\scene.h(66): warning C4244: '=': conversion from 'double' to 'float', possible loss of data
c:\users\igor8\desktop\opengl-3dsnake\finalproject\scene.h(67): warning C4244: '=': conversion from 'double' to 'float', possible loss of data
c:\users\igor8\desktop\opengl-3dsnake\finalproject\ik.cpp(12): warning C4018: '<': signed/unsigned mismatch
c:\users\igor8\desktop\opengl-3dsnake\finalproject\ik.cpp(44): warning C4244: '=': conversion from 'int' to 'float', possible loss of data
c:\users\igor8\desktop\opengl-3dsnake\finalproject\ik.cpp(64): warning C4244: 'argument': conversion from 'const int' to 'float', possible loss of data
c:\users\igor8\desktop\opengl-3dsnake\finalproject\ik.cpp(72): warning C4244: 'argument': conversion from 'const int' to 'float', possible loss of data
c:\users\igor8\desktop\opengl-3dsnake\finalproject\ik.cpp(81): warning C4244: 'argument': conversion from 'const int' to 'float', possible loss of data
c:\users\igor8\desktop\opengl-3dsnake\finalproject\ik.cpp(222): warning C4101: 'theta': unreferenced local variable
c:\users\igor8\desktop\opengl-3dsnake\finalproject\ik.cpp(222): warning C4101: 'signZ': unreferenced local variable
c:\users\igor8\desktop\opengl-3dsnake\finalproject\ik.cpp(222): warning C4101: 'sinTheta': unreferenced local variable
c:\users\igor8\desktop\opengl-3dsnake\finalproject\ik.cpp(222): warning C4101: 'signX': unreferenced local variable
c:\users\igor8\desktop\opengl-3dsnake\finalproject\ik.cpp(222): warning C4101: 'cosPhi': unreferenced local variable
c:\users\igor8\desktop\opengl-3dsnake\finalproject\ik.cpp(222): warning C4101: 'phi': unreferenced local variable
c:\users\igor8\desktop\opengl-3dsnake\finalproject\ik.cpp(222): warning C4101: 'sinPhi': unreferenced local variable
c:\users\igor8\desktop\opengl-3dsnake\finalproject\ik.cpp(222): warning C4101: 'cosTheta': unreferenced local variable
c:\users\igor8\desktop\opengl-3dsnake\finalproject\ik.cpp(232): warning C4101: 'gamma': unreferenced local variable
c:\users\igor8\desktop\opengl-3dsnake\finalproject\ik.cpp(232): warning C4101: 'r': unreferenced local variable
c:\users\igor8\desktop\opengl-3dsnake\finalproject\ik.cpp(332): warning C4244: 'argument': conversion from 'float' to 'const int', possible loss of data
c:\users\igor8\desktop\opengl-3dsnake\finalproject\ik.cpp(341): warning C4244: '=': conversion from 'int' to 'float', possible loss of data
  Level.cpp
c:\users\igor8\desktop\opengl-3dsnake\finalproject\scene.h(41): warning C4305: 'initializing': truncation from 'double' to 'float'
c:\users\igor8\desktop\opengl-3dsnake\finalproject\scene.h(66): warning C4244: '=': conversion from 'double' to 'float', possible loss of data
c:\users\igor8\desktop\opengl-3dsnake\finalproject\scene.h(67): warning C4244: '=': conversion from 'double' to 'float', possible loss of data
c:\users\igor8\desktop\opengl-3dsnake\finalproject\level.cpp(11): warning C4244: 'initializing': conversion from 'double' to 'int', possible loss of data
c:\users\igor8\desktop\opengl-3dsnake\finalproject\level.cpp(12): warning C4305: 'argument': truncation from 'double' to 'float'
c:\users\igor8\desktop\opengl-3dsnake\finalproject\level.cpp(13): warning C4305: 'argument': truncation from 'double' to 'float'
c:\users\igor8\desktop\opengl-3dsnake\finalproject\level.cpp(19): warning C4244: 'argument': conversion from 'int' to 'float', possible loss of data
c:\users\igor8\desktop\opengl-3dsnake\finalproject\level.cpp(20): warning C4244: 'argument': conversion from 'double' to 'float', possible loss of data
c:\users\igor8\desktop\opengl-3dsnake\finalproject\level.cpp(22): warning C4244: 'argument': conversion from 'int' to 'float', possible loss of data
c:\users\igor8\desktop\opengl-3dsnake\finalproject\level.cpp(23): warning C4244: 'argument': conversion from 'double' to 'float', possible loss of data
c:\users\igor8\desktop\opengl-3dsnake\finalproject\level.cpp(26): warning C4244: 'argument': conversion from 'int' to 'float', possible loss of data
c:\users\igor8\desktop\opengl-3dsnake\finalproject\level.cpp(30): warning C4244: 'argument': conversion from 'int' to 'float', possible loss of data
c:\users\igor8\desktop\opengl-3dsnake\finalproject\level.cpp(31): warning C4305: 'argument': truncation from 'double' to 'float'
c:\users\igor8\desktop\opengl-3dsnake\finalproject\level.cpp(34): warning C4244: 'argument': conversion from 'int' to 'float', possible loss of data
c:\users\igor8\desktop\opengl-3dsnake\finalproject\level.cpp(38): warning C4244: 'argument': conversion from 'int' to 'float', possible loss of data
c:\users\igor8\desktop\opengl-3dsnake\finalproject\level.cpp(50): warning C4244: 'argument': conversion from 'int' to 'float', possible loss of data
c:\users\igor8\desktop\opengl-3dsnake\finalproject\level.cpp(51): warning C4305: 'argument': truncation from 'double' to 'float'
c:\users\igor8\desktop\opengl-3dsnake\finalproject\level.cpp(53): warning C4244: 'argument': conversion from 'int' to 'float', possible loss of data
c:\users\igor8\desktop\opengl-3dsnake\finalproject\level.cpp(54): warning C4305: 'argument': truncation from 'double' to 'float'
c:\users\igor8\desktop\opengl-3dsnake\finalproject\level.cpp(74): warning C4018: '<': signed/unsigned mismatch
c:\users\igor8\desktop\opengl-3dsnake\finalproject\level.cpp(106): warning C4554: '&': check operator precedence for possible error; use parentheses to clarify precedence
c:\users\igor8\desktop\opengl-3dsnake\finalproject\level.cpp(144): warning C4018: '<': signed/unsigned mismatch
c:\users\igor8\desktop\opengl-3dsnake\finalproject\level.cpp(144): warning C4554: '&': check operator precedence for possible error; use parentheses to clarify precedence
c:\users\igor8\desktop\opengl-3dsnake\finalproject\level.cpp(157): warning C4018: '<': signed/unsigned mismatch
c:\users\igor8\desktop\opengl-3dsnake\finalproject\level.cpp(159): warning C4018: '<': signed/unsigned mismatch
c:\users\igor8\desktop\opengl-3dsnake\finalproject\level.cpp(303): warning C4305: 'argument': truncation from 'double' to 'float'
c:\users\igor8\desktop\opengl-3dsnake\finalproject\level.cpp(304): warning C4305: 'argument': truncation from 'double' to 'float'
c:\users\igor8\desktop\opengl-3dsnake\finalproject\level.cpp(305): warning C4305: 'argument': truncation from 'double' to 'float'
c:\users\igor8\desktop\opengl-3dsnake\finalproject\level.cpp(306): warning C4305: 'argument': truncation from 'double' to 'float'
c:\users\igor8\desktop\opengl-3dsnake\finalproject\level.cpp(319): warning C4018: '<': signed/unsigned mismatch
c:\users\igor8\desktop\opengl-3dsnake\finalproject\level.cpp(332): warning C4018: '<': signed/unsigned mismatch
  RubicsCube.cpp
c:\users\igor8\desktop\opengl-3dsnake\finalproject\scene.h(41): warning C4305: 'initializing': truncation from 'double' to 'float'
c:\users\igor8\desktop\opengl-3dsnake\finalproject\scene.h(66): warning C4244: '=': conversion from 'double' to 'float', possible loss of data
c:\users\igor8\desktop\opengl-3dsnake\finalproject\scene.h(67): warning C4244: '=': conversion from 'double' to 'float', possible loss of data
c:\users\igor8\desktop\opengl-3dsnake\finalproject\rubicscube.h(28): warning C4244: '=': conversion from 'float' to 'int', possible loss of data
c:\users\igor8\desktop\opengl-3dsnake\finalproject\rubicscube.cpp(48): warning C4244: 'argument': conversion from 'int' to 'float', possible loss of data
c:\users\igor8\desktop\opengl-3dsnake\finalproject\rubicscube.cpp(50): warning C4244: 'argument': conversion from 'int' to 'float', possible loss of data
c:\users\igor8\desktop\opengl-3dsnake\finalproject\rubicscube.cpp(52): warning C4244: 'argument': conversion from 'int' to 'float', possible loss of data
  kdtree.cpp
c:\users\igor8\desktop\opengl-3dsnake\finalproject\kdtree.cpp(110): warning C4244: 'initializing': conversion from 'float' to 'int', possible loss of data
c:\users\igor8\desktop\opengl-3dsnake\finalproject\kdtree.cpp(149): warning C4244: 'initializing': conversion from 'double' to 'int', possible loss of data
  main.cpp
c:\users\igor8\desktop\opengl-3dsnake\finalproject\scene.h(41): warning C4305: 'initializing': truncation from 'double' to 'float'
c:\users\igor8\desktop\opengl-3dsnake\finalproject\scene.h(66): warning C4244: '=': conversion from 'double' to 'float', possible loss of data
c:\users\igor8\desktop\opengl-3dsnake\finalproject\scene.h(67): warning C4244: '=': conversion from 'double' to 'float', possible loss of data
c:\users\igor8\desktop\opengl-3dsnake\finalproject\inputmanager.h(214): warning C4244: 'argument': conversion from 'const float' to 'int', possible loss of data
c:\program files (x86)\windows kits\10\include\10.0.16299.0\shared\minwindef.h(130): warning C4005: 'APIENTRY': macro redefinition
  c:\users\igor8\desktop\opengl-3dsnake\finalproject\res\includes\glfw\glfw3.h(98): note: see previous definition of 'APIENTRY'
c:\users\igor8\desktop\opengl-3dsnake\finalproject\main.cpp(135): warning C4244: 'argument': conversion from 'const int' to 'float', possible loss of data
  scene.cpp
c:\users\igor8\desktop\opengl-3dsnake\finalproject\scene.h(41): warning C4305: 'initializing': truncation from 'double' to 'float'
c:\users\igor8\desktop\opengl-3dsnake\finalproject\scene.h(66): warning C4244: '=': conversion from 'double' to 'float', possible loss of data
c:\users\igor8\desktop\opengl-3dsnake\finalproject\scene.h(67): warning C4244: '=': conversion from 'double' to 'float', possible loss of data
c:\users\igor8\desktop\opengl-3dsnake\finalproject\scene.cpp(141): warning C4018: '<': signed/unsigned mismatch
c:\users\igor8\desktop\opengl-3dsnake\finalproject\scene.cpp(166): warning C4244: 'argument': conversion from 'const int' to 'float', possible loss of data
c:\users\igor8\desktop\opengl-3dsnake\finalproject\scene.cpp(194): warning C4244: 'argument': conversion from 'const int' to 'float', possible loss of data
c:\users\igor8\desktop\opengl-3dsnake\finalproject\scene.cpp(288): warning C4305: 'argument': truncation from 'double' to 'float'
c:\users\igor8\desktop\opengl-3dsnake\finalproject\scene.cpp(466): warning C4018: '<': signed/unsigned mismatch
c:\users\igor8\desktop\opengl-3dsnake\finalproject\scene.cpp(524): warning C4018: '<': signed/unsigned mismatch
c:\users\igor8\desktop\opengl-3dsnake\finalproject\scene.cpp(538): warning C4018: '<': signed/unsigned mismatch
c:\users\igor8\desktop\opengl-3dsnake\finalproject\scene.cpp(739): warning C4244: 'argument': conversion from 'int' to 'float', possible loss of data
c:\users\igor8\desktop\opengl-3dsnake\finalproject\scene.cpp(751): warning C4244: 'argument': conversion from 'double' to 'GLint', possible loss of data
c:\users\igor8\desktop\opengl-3dsnake\finalproject\scene.cpp(752): warning C4244: 'argument': conversion from 'double' to 'GLint', possible loss of data
c:\users\igor8\desktop\opengl-3dsnake\finalproject\scene.cpp(852): warning C4018: '<': signed/unsigned mismatch
  shape.cpp
c:\users\igor8\desktop\opengl-3dsnake\finalproject\shape.cpp(311): warning C4018: '<': signed/unsigned mismatch
c:\users\igor8\desktop\opengl-3dsnake\finalproject\shape.cpp(419): warning C4018: '<': signed/unsigned mismatch
  solver.cpp
  Generating Code...
c:\users\igor8\desktop\opengl-3dsnake\finalproject\kdtree.cpp(275): warning C4172: returning address of local variable or temporary: indices
LINK : warning LNK4098: defaultlib 'LIBCMT' conflicts with use of other libs; use /NODEFAULTLIB:library
LINK : warning LNK4098: defaultlib 'MSVCRT' conflicts with use of other libs; use /NODEFAULTLIB:library
imgui_impl_glfw_gl3.obj : warning LNK4049: locally defined symbol ___glewActiveTexture imported
imgui_impl_glfw_gl3.obj : warning LNK4049: locally defined symbol ___glewBlendEquation imported
imgui_impl_glfw_gl3.obj : warning LNK4049: locally defined symbol ___glewBlendFuncSeparate imported
imgui_impl_glfw_gl3.obj : warning LNK4049: locally defined symbol ___glewBindBuffer imported
imgui_impl_glfw_gl3.obj : warning LNK4049: locally defined symbol ___glewBufferData imported
imgui_impl_glfw_gl3.obj : warning LNK4049: locally defined symbol ___glewDeleteBuffers imported
imgui_impl_glfw_gl3.obj : warning LNK4049: locally defined symbol ___glewGenBuffers imported
imgui_impl_glfw_gl3.obj : warning LNK4049: locally defined symbol ___glewAttachShader imported
imgui_impl_glfw_gl3.obj : warning LNK4049: locally defined symbol ___glewBlendEquationSeparate imported
imgui_impl_glfw_gl3.obj : warning LNK4049: locally defined symbol ___glewCompileShader imported
imgui_impl_glfw_gl3.obj : warning LNK4049: locally defined symbol ___glewCreateProgram imported
imgui_impl_glfw_gl3.obj : warning LNK4049: locally defined symbol ___glewCreateShader imported
imgui_impl_glfw_gl3.obj : warning LNK4049: locally defined symbol ___glewDeleteProgram imported
imgui_impl_glfw_gl3.obj : warning LNK4049: locally defined symbol ___glewDeleteShader imported
imgui_impl_glfw_gl3.obj : warning LNK4049: locally defined symbol ___glewDetachShader imported
imgui_impl_glfw_gl3.obj : warning LNK4049: locally defined symbol ___glewEnableVertexAttribArray imported
imgui_impl_glfw_gl3.obj : warning LNK4049: locally defined symbol ___glewGetAttribLocation imported
imgui_impl_glfw_gl3.obj : warning LNK4049: locally defined symbol ___glewGetUniformLocation imported
imgui_impl_glfw_gl3.obj : warning LNK4049: locally defined symbol ___glewLinkProgram imported
imgui_impl_glfw_gl3.obj : warning LNK4049: locally defined symbol ___glewShaderSource imported
imgui_impl_glfw_gl3.obj : warning LNK4049: locally defined symbol ___glewUniform1i imported
imgui_impl_glfw_gl3.obj : warning LNK4049: locally defined symbol ___glewUniformMatrix4fv imported
imgui_impl_glfw_gl3.obj : warning LNK4049: locally defined symbol ___glewUseProgram imported
imgui_impl_glfw_gl3.obj : warning LNK4049: locally defined symbol ___glewVertexAttribPointer imported
imgui_impl_glfw_gl3.obj : warning LNK4049: locally defined symbol ___glewBindSampler imported
imgui_impl_glfw_gl3.obj : warning LNK4049: locally defined symbol ___glewBindVertexArray imported
imgui_impl_glfw_gl3.obj : warning LNK4049: locally defined symbol ___glewDeleteVertexArrays imported
imgui_impl_glfw_gl3.obj : warning LNK4049: locally defined symbol ___glewGenVertexArrays imported
glew32s.lib(glew.obj) : warning LNK4099: PDB 'vc100.pdb' was not found with 'glew32s.lib(glew.obj)' or at 'C:\Users\igor8\Desktop\OpenGL-3DSnake\finalProject\Debug\vc100.pdb'; linking object as if no debug info
  VeloxSimulator.vcxproj -> C:\Users\igor8\Desktop\OpenGL-3DSnake\finalProject\Debug\finaleProject.exe
