  main.cpp
c:\users\david\documents\github\finalproject\opengl-3dsnake\scene.h(42): warning C4305: 'initializing': truncation from 'double' to 'float'
c:\users\david\documents\github\finalproject\opengl-3dsnake\scene.h(86): warning C4244: '=': conversion from 'double' to 'float', possible loss of data
c:\users\david\documents\github\finalproject\opengl-3dsnake\scene.h(87): warning C4244: '=': conversion from 'double' to 'float', possible loss of data
c:\users\david\documents\github\finalproject\opengl-3dsnake\scene.h(88): warning C4305: '=': truncation from 'double' to 'float'
c:\users\david\documents\github\finalproject\opengl-3dsnake\inputmanager.h(243): warning C4244: 'argument': conversion from 'const float' to 'int', possible loss of data
c:\program files (x86)\windows kits\10\include\10.0.16299.0\shared\minwindef.h(130): warning C4005: 'APIENTRY': macro redefinition
  c:\users\david\documents\github\finalproject\opengl-3dsnake\res\includes\glfw\glfw3.h(98): note: see previous definition of 'APIENTRY'
c:\users\david\documents\github\finalproject\opengl-3dsnake\main.cpp(120): warning C4244: 'argument': conversion from 'const int' to 'float', possible loss of data
c:\users\david\documents\github\finalproject\opengl-3dsnake\main.cpp(222): warning C4244: 'argument': conversion from 'const int' to 'float', possible loss of data
c:\users\david\documents\github\finalproject\opengl-3dsnake\main.cpp(232): warning C4305: 'argument': truncation from 'double' to 'float'
c:\users\david\documents\github\finalproject\opengl-3dsnake\main.cpp(268): warning C4244: 'argument': conversion from 'const int' to 'float', possible loss of data
LINK : warning LNK4098: defaultlib 'LIBCMT' conflicts with use of other libs; use /NODEFAULTLIB:library
  Generating code
  1 of 6871 functions ( 0.0%) were compiled, the rest were copied from previous compilation.
    0 functions were new in current compilation
    5 functions had inline decision re-evaluated but remain unchanged
  Finished generating code
imgui_impl_glfw_gl3.obj : warning LNK4049: locally defined symbol ___glewDeleteBuffers imported
imgui_impl_glfw_gl3.obj : warning LNK4049: locally defined symbol ___glewLinkProgram imported
imgui_impl_glfw_gl3.obj : warning LNK4049: locally defined symbol ___glewDeleteShader imported
imgui_impl_glfw_gl3.obj : warning LNK4049: locally defined symbol ___glewGenBuffers imported
imgui_impl_glfw_gl3.obj : warning LNK4049: locally defined symbol ___glewDetachShader imported
imgui_impl_glfw_gl3.obj : warning LNK4049: locally defined symbol ___glewUniformMatrix4fv imported
imgui_impl_glfw_gl3.obj : warning LNK4049: locally defined symbol ___glewBlendEquationSeparate imported
imgui_impl_glfw_gl3.obj : warning LNK4049: locally defined symbol ___glewGenVertexArrays imported
imgui_impl_glfw_gl3.obj : warning LNK4049: locally defined symbol ___glewBlendEquation imported
imgui_impl_glfw_gl3.obj : warning LNK4049: locally defined symbol ___glewShaderSource imported
imgui_impl_glfw_gl3.obj : warning LNK4049: locally defined symbol ___glewDeleteProgram imported
imgui_impl_glfw_gl3.obj : warning LNK4049: locally defined symbol ___glewActiveTexture imported
imgui_impl_glfw_gl3.obj : warning LNK4049: locally defined symbol ___glewAttachShader imported
imgui_impl_glfw_gl3.obj : warning LNK4049: locally defined symbol ___glewBufferData imported
imgui_impl_glfw_gl3.obj : warning LNK4049: locally defined symbol ___glewGetUniformLocation imported
imgui_impl_glfw_gl3.obj : warning LNK4049: locally defined symbol ___glewBlendFuncSeparate imported
imgui_impl_glfw_gl3.obj : warning LNK4049: locally defined symbol ___glewDeleteVertexArrays imported
imgui_impl_glfw_gl3.obj : warning LNK4049: locally defined symbol ___glewUniform1i imported
imgui_impl_glfw_gl3.obj : warning LNK4049: locally defined symbol ___glewCreateProgram imported
imgui_impl_glfw_gl3.obj : warning LNK4049: locally defined symbol ___glewBindBuffer imported
imgui_impl_glfw_gl3.obj : warning LNK4049: locally defined symbol ___glewCreateShader imported
imgui_impl_glfw_gl3.obj : warning LNK4049: locally defined symbol ___glewGetAttribLocation imported
imgui_impl_glfw_gl3.obj : warning LNK4049: locally defined symbol ___glewCompileShader imported
imgui_impl_glfw_gl3.obj : warning LNK4049: locally defined symbol ___glewVertexAttribPointer imported
imgui_impl_glfw_gl3.obj : warning LNK4049: locally defined symbol ___glewUseProgram imported
imgui_impl_glfw_gl3.obj : warning LNK4049: locally defined symbol ___glewBindSampler imported
imgui_impl_glfw_gl3.obj : warning LNK4049: locally defined symbol ___glewBindVertexArray imported
imgui_impl_glfw_gl3.obj : warning LNK4049: locally defined symbol ___glewEnableVertexAttribArray imported
glew32s.lib(glew.obj) : warning LNK4099: PDB 'vc100.pdb' was not found with 'glew32s.lib(glew.obj)' or at 'C:\Users\David\Documents\GitHub\finalProject\OpenGL-3DSnake\Release\vc100.pdb'; linking object as if no debug info
  FinalProject.vcxproj -> C:\Users\David\Documents\GitHub\finalProject\OpenGL-3DSnake\Release\finaleProject.exe
