c:\users\igor8\desktop\opengl-3dsnake\finalproject\release\vc141.pdb
c:\users\igor8\desktop\opengl-3dsnake\finalproject\release\solver.obj
c:\users\igor8\desktop\opengl-3dsnake\finalproject\release\shape.obj
c:\users\igor8\desktop\opengl-3dsnake\finalproject\release\shader.obj
c:\users\igor8\desktop\opengl-3dsnake\finalproject\release\scene.obj
c:\users\igor8\desktop\opengl-3dsnake\finalproject\release\rubicscube.obj
c:\users\igor8\desktop\opengl-3dsnake\finalproject\release\obj_loader.obj
c:\users\igor8\desktop\opengl-3dsnake\finalproject\release\movableglm.obj
c:\users\igor8\desktop\opengl-3dsnake\finalproject\release\mesh.obj
c:\users\igor8\desktop\opengl-3dsnake\finalproject\release\main.obj
c:\users\igor8\desktop\opengl-3dsnake\finalproject\release\linemesh.obj
c:\users\igor8\desktop\opengl-3dsnake\finalproject\release\level.obj
c:\users\igor8\desktop\opengl-3dsnake\finalproject\release\kdtree.obj
c:\users\igor8\desktop\opengl-3dsnake\finalproject\release\ik.obj
c:\users\igor8\desktop\opengl-3dsnake\finalproject\release\imgui_impl_glfw_gl3.obj
c:\users\igor8\desktop\opengl-3dsnake\finalproject\release\imgui_draw.obj
c:\users\igor8\desktop\opengl-3dsnake\finalproject\release\imgui_demo.obj
c:\users\igor8\desktop\opengl-3dsnake\finalproject\release\imgui.obj
c:\users\igor8\desktop\opengl-3dsnake\finalproject\release\eulerangles.obj
c:\users\igor8\desktop\opengl-3dsnake\finalproject\release\display.obj
c:\users\igor8\desktop\opengl-3dsnake\finalproject\release\curves.obj
c:\users\igor8\desktop\opengl-3dsnake\finalproject\release\texture.obj
c:\users\igor8\desktop\opengl-3dsnake\finalproject\release\stb_image.obj
c:\users\igor8\desktop\opengl-3dsnake\release\vc141.pdb
c:\users\igor8\desktop\opengl-3dsnake\release\solver.obj
c:\users\igor8\desktop\opengl-3dsnake\release\shape.obj
c:\users\igor8\desktop\opengl-3dsnake\release\shader.obj
c:\users\igor8\desktop\opengl-3dsnake\release\scene.obj
c:\users\igor8\desktop\opengl-3dsnake\release\rubicscube.obj
c:\users\igor8\desktop\opengl-3dsnake\release\obj_loader.obj
c:\users\igor8\desktop\opengl-3dsnake\release\movableglm.obj
c:\users\igor8\desktop\opengl-3dsnake\release\mesh.obj
c:\users\igor8\desktop\opengl-3dsnake\release\main.obj
c:\users\igor8\desktop\opengl-3dsnake\release\linemesh.obj
c:\users\igor8\desktop\opengl-3dsnake\release\level.obj
c:\users\igor8\desktop\opengl-3dsnake\release\kdtree.obj
c:\users\igor8\desktop\opengl-3dsnake\release\ik.obj
c:\users\igor8\desktop\opengl-3dsnake\release\imgui_impl_glfw_gl3.obj
c:\users\igor8\desktop\opengl-3dsnake\release\imgui_draw.obj
c:\users\igor8\desktop\opengl-3dsnake\release\imgui_demo.obj
c:\users\igor8\desktop\opengl-3dsnake\release\imgui.obj
c:\users\igor8\desktop\opengl-3dsnake\release\eulerangles.obj
c:\users\igor8\desktop\opengl-3dsnake\release\display.obj
c:\users\igor8\desktop\opengl-3dsnake\release\curves.obj
c:\users\igor8\desktop\opengl-3dsnake\release\texture.obj
c:\users\igor8\desktop\opengl-3dsnake\release\stb_image.obj
c:\users\igor8\desktop\opengl-3dsnake\finalproject\release\finaleproject.ipdb
c:\users\igor8\desktop\opengl-3dsnake\finalproject\release\finaleproject.iobj
c:\users\igor8\desktop\opengl-3dsnake\release\finaleproject.ipdb
c:\users\igor8\desktop\opengl-3dsnake\release\finaleproject.iobj
c:\users\igor8\desktop\opengl-3dsnake\finalproject\release\finaleproject.exe
c:\users\igor8\desktop\opengl-3dsnake\finalproject\release\finaleproject.pdb
c:\users\igor8\desktop\opengl-3dsnake\release\finaleproject.exe
c:\users\igor8\desktop\opengl-3dsnake\release\finaleproject.pdb
c:\users\igor8\desktop\opengl-3dsnake\release\finaleproject.tlog\cl.command.1.tlog
c:\users\igor8\desktop\opengl-3dsnake\release\finaleproject.tlog\cl.read.1.tlog
c:\users\igor8\desktop\opengl-3dsnake\release\finaleproject.tlog\cl.write.1.tlog
c:\users\igor8\desktop\opengl-3dsnake\release\finaleproject.tlog\finaleproject.write.1u.tlog
c:\users\igor8\desktop\opengl-3dsnake\release\finaleproject.tlog\link.command.1.tlog
c:\users\igor8\desktop\opengl-3dsnake\release\finaleproject.tlog\link.read.1.tlog
c:\users\igor8\desktop\opengl-3dsnake\release\finaleproject.tlog\link.write.1.tlog
